2022-04-02 16:50:11 r6: begin
2022-04-02 16:50:11 r6: executing
2022-04-02 16:50:20 r6: checking
2022-04-02 16:50:21 r6: tocke=3
2022-04-02 16:50:21 r6: end
2022-04-02 17:40:02 r8: begin
2022-04-02 17:40:02 r8: executing
2022-04-02 17:40:12 r8: checking
2022-04-02 17:40:12 r8: tocke=5
2022-04-02 17:40:12 r8: end
2022-04-02 18:25:01 r10: begin
2022-04-02 18:25:01 r10: executing
2022-04-02 18:25:11 r10: checking
2022-04-02 18:25:11 r10: tocke=6
2022-04-02 18:25:11 r10: end
2022-04-02 18:32:02 r12: begin
2022-04-02 18:32:02 r12: executing
2022-04-02 18:32:11 r12: checking
2022-04-02 18:32:11 r12: tocke=7
2022-04-02 18:32:11 r12: end
2022-04-02 18:40:01 r14: begin
2022-04-02 18:40:02 r14: executing
2022-04-02 18:40:11 r14: checking
2022-04-02 18:40:11 r14: tocke=7
2022-04-02 18:40:11 r14: end
2022-04-02 20:34:01 r16: begin
2022-04-02 20:34:01 r16: executing
2022-04-02 20:34:11 r16: checking
2022-04-02 20:34:11 r16: tocke=9
2022-04-02 20:34:11 r16: end
2022-04-02 20:54:02 r18: begin
2022-04-02 20:54:02 r18: executing
2022-04-02 20:54:11 r18: checking
2022-04-02 20:54:11 r18: tocke=9
2022-04-02 20:54:11 r18: end
2022-04-02 21:03:02 r20: begin
2022-04-02 21:03:02 r20: executing
2022-04-02 21:03:11 r20: checking
2022-04-02 21:03:11 r20: tocke=9
2022-04-02 21:03:11 r20: end
2022-04-02 21:13:01 r22: begin
2022-04-02 21:13:01 r22: executing
2022-04-02 21:13:11 r22: checking
2022-04-02 21:13:11 r22: tocke=7
2022-04-02 21:13:11 r22: end
2022-04-02 21:24:15 r24: begin
2022-04-02 21:24:15 r24: executing
2022-04-02 21:24:25 r24: checking
2022-04-02 21:24:25 r24: tocke=9
2022-04-02 21:24:25 r24: end
2022-04-03 20:56:01 r26: begin
2022-04-03 20:56:01 r26: executing
2022-04-03 20:56:11 r26: checking
2022-04-03 20:56:11 r26: tocke=10
2022-04-03 20:56:11 r26: end
2022-04-07 13:58:28 r28: begin
2022-04-07 13:58:28 r28: executing
2022-04-07 13:58:36 r28: checking
2022-04-07 13:58:36 r28: tocke=8
2022-04-07 13:58:36 r28: end
2022-04-07 14:17:02 r30: begin
2022-04-07 14:17:02 r30: executing
2022-04-07 14:17:11 r30: checking
2022-04-07 14:17:11 r30: tocke=8
2022-04-07 14:17:11 r30: end
2022-04-07 14:57:02 r32: begin
2022-04-07 14:57:02 r32: executing
2022-04-07 14:57:11 r32: checking
2022-04-07 14:57:11 r32: tocke=11
2022-04-07 14:57:11 r32: end
2022-04-11 12:13:02 r35: begin
2022-04-11 12:13:02 r35: executing
2022-04-11 12:13:11 r35: checking
2022-04-11 12:13:11 r35: tocke=11
2022-04-11 12:13:11 r35: end
2022-04-11 12:26:02 r37: begin
2022-04-11 12:26:02 r37: executing
2022-04-11 12:26:11 r37: checking
2022-04-11 12:26:11 r37: tocke=11
2022-04-11 12:26:11 r37: end
2022-04-14 09:40:02 r39: begin
2022-04-14 09:40:02 r39: executing
2022-04-14 09:40:10 r39: checking
2022-04-14 09:40:11 r39: tocke=11
2022-04-14 09:40:11 r39: end
2022-04-14 10:09:15 r41: begin
2022-04-14 10:09:15 r41: executing
2022-04-14 10:09:23 r41: checking
2022-04-14 10:09:24 r41: tocke=11
2022-04-14 10:09:24 r41: end
2022-04-14 10:23:02 r43: begin
2022-04-14 10:23:02 r43: executing
2022-04-14 10:23:11 r43: checking
2022-04-14 10:23:11 r43: tocke=11
2022-04-14 10:23:11 r43: end
2022-04-14 10:37:02 r45: begin
2022-04-14 10:37:02 r45: executing
2022-04-14 10:37:10 r45: checking
2022-04-14 10:37:11 r45: tocke=11
2022-04-14 10:37:11 r45: end
2022-04-14 10:39:03 r47: begin
2022-04-14 10:39:03 r47: executing
2022-04-14 10:39:11 r47: checking
2022-04-14 10:39:11 r47: tocke=11
2022-04-14 10:39:11 r47: end
2022-04-14 10:44:02 r49: begin
2022-04-14 10:44:02 r49: executing
2022-04-14 10:44:10 r49: checking
2022-04-14 10:44:11 r49: tocke=11
2022-04-14 10:44:11 r49: end
2022-04-14 10:48:02 r51: begin
2022-04-14 10:48:02 r51: executing
2022-04-14 10:48:12 r51: checking
2022-04-14 10:48:12 r51: tocke=11
2022-04-14 10:48:12 r51: end
2022-04-14 10:51:02 r53: begin
2022-04-14 10:51:02 r53: executing
2022-04-14 10:51:11 r53: checking
2022-04-14 10:51:11 r53: tocke=10
2022-04-14 10:51:11 r53: end
2022-04-14 10:56:02 r55: begin
2022-04-14 10:56:02 r55: executing
2022-04-14 10:56:11 r55: checking
2022-04-14 10:56:11 r55: tocke=11
2022-04-14 10:56:11 r55: end
2022-04-14 11:00:03 r57: begin
2022-04-14 11:00:03 r57: executing
2022-04-14 11:00:12 r57: checking
2022-04-14 11:00:13 r57: tocke=11
2022-04-14 11:00:13 r57: end
2022-04-14 11:10:19 r59: begin
2022-04-14 11:10:20 r59: executing
2022-04-14 11:10:28 r59: checking
2022-04-14 11:10:28 r59: tocke=11
2022-04-14 11:10:28 r59: end
2022-04-14 11:17:03 r61: begin
2022-04-14 11:17:03 r61: executing
2022-04-14 11:17:12 r61: checking
2022-04-14 11:17:12 r61: tocke=11
2022-04-14 11:17:12 r61: end
2022-04-14 11:36:02 r63: begin
2022-04-14 11:36:02 r63: executing
2022-04-14 11:36:11 r63: checking
2022-04-14 11:36:11 r63: tocke=11
2022-04-14 11:36:11 r63: end
2022-04-14 19:06:02 r65: begin
2022-04-14 19:06:02 r65: executing
2022-04-14 19:06:12 r65: checking
2022-04-14 19:06:12 r65: tocke=11
2022-04-14 19:06:12 r65: end
2022-04-14 19:12:02 r67: begin
2022-04-14 19:12:02 r67: executing
2022-04-14 19:12:11 r67: checking
2022-04-14 19:12:12 r67: tocke=11
2022-04-14 19:12:12 r67: end
2022-04-14 19:16:02 r69: begin
2022-04-14 19:16:02 r69: executing
2022-04-14 19:16:12 r69: checking
2022-04-14 19:16:12 r69: tocke=11
2022-04-14 19:16:12 r69: end
2022-04-14 19:24:03 r71: begin
2022-04-14 19:24:03 r71: executing
2022-04-14 19:24:13 r71: checking
2022-04-14 19:24:13 r71: tocke=11
2022-04-14 19:24:13 r71: end
2022-04-14 19:30:03 r73: begin
2022-04-14 19:30:03 r73: executing
2022-04-14 19:30:12 r73: checking
2022-04-14 19:30:12 r73: tocke=12
2022-04-14 19:30:12 r73: end
